This is pdfTeX, Version 3.14159265-2.6-1.40.21 (TeX Live 2020/Debian) (preloaded format=pdflatex 2021.7.28)  9 SEP 2021 13:13
entering extended mode
 restricted \write18 enabled.
 file:line:error style messages enabled.
 %&-line parsing enabled.
**/home/rthurbin/src/TrafficSignals-ai/research/2021/1/sample.tex
(/home/rthurbin/src/TrafficSignals-ai/research/2021/1/sample.tex
LaTeX2e <2020-10-01> patch level 4
L3 programming layer <2021-01-09> xparse <2020-03-03> (/home/rthurbin/src/TrafficSignals-ai/research/2021/1/comjnl.cls
Document Class: comjnl 2009/07/27 v0.1c The Computer Journal class (DPC)
(/usr/share/texlive/texmf-dist/tex/latex/base/article.cls
Document Class: article 2020/04/10 v1.4m Standard LaTeX document class
(/usr/share/texlive/texmf-dist/tex/latex/base/size10.clo
File: size10.clo 2020/04/10 v1.4m Standard LaTeX file (size option)
)
\c@part=\count177
\c@section=\count178
\c@subsection=\count179
\c@subsubsection=\count180
\c@paragraph=\count181
\c@subparagraph=\count182
\c@figure=\count183
\c@table=\count184
\abovecaptionskip=\skip47
\belowcaptionskip=\skip48
\bibindent=\dimen138
) (/usr/share/texlive/texmf-dist/tex/latex/graphics/rotating.sty
Package: rotating 2016/08/11 v2.16d rotated objects in LaTeX
 (/usr/share/texlive/texmf-dist/tex/latex/graphics/graphicx.sty
Package: graphicx 2020/09/09 v1.2b Enhanced LaTeX Graphics (DPC,SPQR)
 (/usr/share/texlive/texmf-dist/tex/latex/graphics/keyval.sty
Package: keyval 2014/10/28 v1.15 key=value parser (DPC)
\KV@toks@=\toks15
) (/usr/share/texlive/texmf-dist/tex/latex/graphics/graphics.sty
Package: graphics 2020/08/30 v1.4c Standard LaTeX Graphics (DPC,SPQR)
 (/usr/share/texlive/texmf-dist/tex/latex/graphics/trig.sty
Package: trig 2016/01/03 v1.10 sin cos tan (DPC)
) (/usr/share/texlive/texmf-dist/tex/latex/graphics-cfg/graphics.cfg
File: graphics.cfg 2016/06/04 v1.11 sample graphics configuration
)
Package graphics Info: Driver file: pdftex.def on input line 105.
 (/usr/share/texlive/texmf-dist/tex/latex/graphics-def/pdftex.def
File: pdftex.def 2020/10/05 v1.2a Graphics/color driver for pdftex
))
\Gin@req@height=\dimen139
\Gin@req@width=\dimen140
) (/usr/share/texlive/texmf-dist/tex/latex/base/ifthen.sty
Package: ifthen 2014/09/29 v1.1c Standard LaTeX ifthen package (DPC)
)
\c@r@tfl@t=\count185
\rotFPtop=\skip49
\rotFPbot=\skip50
\rot@float@box=\box47
\rot@mess@toks=\toks16
)
\c@affil=\count186
\c@remaffil=\count187
\absbox=\box48
 (/usr/share/texlive/texmf-dist/tex/latex/amscls/amsthm.sty
Package: amsthm 2020/05/29 v2.20.6
\thm@style=\toks17
\thm@bodyfont=\toks18
\thm@headfont=\toks19
\thm@notefont=\toks20
\thm@headpunct=\toks21
\thm@preskip=\skip51
\thm@postskip=\skip52
\thm@headsep=\skip53
\dth@everypar=\toks22
)
\c@definition=\count188
\c@lemma=\count189
\c@proposition=\count190
\c@corollary=\count191
\c@axiom=\count192
\c@remark=\count193
\c@example=\count194
\c@algorithm=\count195
\c@theorem=\count196
LaTeX Info: Redefining \rm on input line 468.
LaTeX Info: Redefining \sf on input line 469.
LaTeX Info: Redefining \tt on input line 470.
LaTeX Info: Redefining \bf on input line 471.
LaTeX Info: Redefining \it on input line 472.
LaTeX Info: Redefining \sl on input line 473.
LaTeX Info: Redefining \sc on input line 474.
LaTeX Info: Redefining \cal on input line 475.
LaTeX Info: Redefining \mit on input line 476.
) (/usr/share/texlive/texmf-dist/tex/latex/graphics/epsfig.sty
Package: epsfig 2017/06/25 v1.7b (e)psfig emulation (SPQR)
\epsfxsize=\dimen141
\epsfysize=\dimen142
) (/usr/share/texlive/texmf-dist/tex/latex/amsmath/amsmath.sty
Package: amsmath 2020/09/23 v2.17i AMS math features
\@mathmargin=\skip54

For additional information on amsmath, use the `?' option.
(/usr/share/texlive/texmf-dist/tex/latex/amsmath/amstext.sty
Package: amstext 2000/06/29 v2.01 AMS text
 (/usr/share/texlive/texmf-dist/tex/latex/amsmath/amsgen.sty
File: amsgen.sty 1999/11/30 v2.0 generic functions
\@emptytoks=\toks23
\ex@=\dimen143
)) (/usr/share/texlive/texmf-dist/tex/latex/amsmath/amsbsy.sty
Package: amsbsy 1999/11/29 v1.2d Bold Symbols
\pmbraise@=\dimen144
) (/usr/share/texlive/texmf-dist/tex/latex/amsmath/amsopn.sty
Package: amsopn 2016/03/08 v2.02 operator names
)
\inf@bad=\count197
LaTeX Info: Redefining \frac on input line 234.
\uproot@=\count198
\leftroot@=\count199
LaTeX Info: Redefining \overline on input line 399.
\classnum@=\count266
\DOTSCASE@=\count267
LaTeX Info: Redefining \ldots on input line 496.
LaTeX Info: Redefining \dots on input line 499.
LaTeX Info: Redefining \cdots on input line 620.
\Mathstrutbox@=\box49
\strutbox@=\box50
\big@size=\dimen145
LaTeX Font Info:    Redeclaring font encoding OML on input line 743.
LaTeX Font Info:    Redeclaring font encoding OMS on input line 744.
\macc@depth=\count268
\c@MaxMatrixCols=\count269
\dotsspace@=\muskip16
\c@parentequation=\count270
\dspbrk@lvl=\count271
\tag@help=\toks24
\row@=\count272
\column@=\count273
\maxfields@=\count274
\andhelp@=\toks25
\eqnshift@=\dimen146
\alignsep@=\dimen147
\tagshift@=\dimen148
\tagwidth@=\dimen149
\totwidth@=\dimen150
\lineht@=\dimen151
\@envbody=\toks26
\multlinegap=\skip55
\multlinetaggap=\skip56
\mathdisplay@stack=\toks27
LaTeX Info: Redefining \[ on input line 2923.
LaTeX Info: Redefining \] on input line 2924.
) (/usr/share/texlive/texmf-dist/tex/latex/l3backend/l3backend-pdftex.def
File: l3backend-pdftex.def 2020-01-29 L3 backend support: PDF output (pdfTeX)
\l__color_backend_stack_int=\count275
\l__pdf_internal_box=\box51
) (/home/rthurbin/src/TrafficSignals-ai/research/2021/1/sample.aux)
\openout1 = `sample.aux'.

LaTeX Font Info:    Checking defaults for OML/cmm/m/it on input line 7.
LaTeX Font Info:    ... okay on input line 7.
LaTeX Font Info:    Checking defaults for OMS/cmsy/m/n on input line 7.
LaTeX Font Info:    ... okay on input line 7.
LaTeX Font Info:    Checking defaults for OT1/cmr/m/n on input line 7.
LaTeX Font Info:    ... okay on input line 7.
LaTeX Font Info:    Checking defaults for T1/cmr/m/n on input line 7.
LaTeX Font Info:    ... okay on input line 7.
LaTeX Font Info:    Checking defaults for TS1/cmr/m/n on input line 7.
LaTeX Font Info:    ... okay on input line 7.
LaTeX Font Info:    Checking defaults for OMX/cmex/m/n on input line 7.
LaTeX Font Info:    ... okay on input line 7.
LaTeX Font Info:    Checking defaults for U/cmr/m/n on input line 7.
LaTeX Font Info:    ... okay on input line 7.
 (/usr/share/texlive/texmf-dist/tex/context/base/mkii/supp-pdf.mkii
[Loading MPS to PDF converter (version 2006.09.02).]
\scratchcounter=\count276
\scratchdimen=\dimen152
\scratchbox=\box52
\nofMPsegments=\count277
\nofMParguments=\count278
\everyMPshowfont=\toks28
\MPscratchCnt=\count279
\MPscratchDim=\dimen153
\MPnumerator=\count280
\makeMPintoPDFobject=\count281
\everyMPtoPDFconversion=\toks29
) (/usr/share/texlive/texmf-dist/tex/latex/epstopdf-pkg/epstopdf-base.sty
Package: epstopdf-base 2020-01-24 v2.11 Base part for package epstopdf
 (/usr/share/texlive/texmf-dist/tex/generic/infwarerr/infwarerr.sty
Package: infwarerr 2019/12/03 v1.5 Providing info/warning/error messages (HO)
) (/usr/share/texlive/texmf-dist/tex/latex/grfext/grfext.sty
Package: grfext 2019/12/03 v1.3 Manage graphics extensions (HO)
 (/usr/share/texlive/texmf-dist/tex/generic/kvdefinekeys/kvdefinekeys.sty
Package: kvdefinekeys 2019-12-19 v1.6 Define keys (HO)
)) (/usr/share/texlive/texmf-dist/tex/latex/kvoptions/kvoptions.sty
Package: kvoptions 2020-10-07 v3.14 Key value format for package options (HO)
 (/usr/share/texlive/texmf-dist/tex/generic/ltxcmds/ltxcmds.sty
Package: ltxcmds 2020-05-10 v1.25 LaTeX kernel commands for general use (HO)
) (/usr/share/texlive/texmf-dist/tex/generic/kvsetkeys/kvsetkeys.sty
Package: kvsetkeys 2019/12/15 v1.18 Key value parser (HO)
)) (/usr/share/texlive/texmf-dist/tex/generic/pdftexcmds/pdftexcmds.sty
Package: pdftexcmds 2020-06-27 v0.33 Utility functions of pdfTeX for LuaTeX (HO)
 (/usr/share/texlive/texmf-dist/tex/generic/iftex/iftex.sty
Package: iftex 2020/03/06 v1.0d TeX engine tests
)
Package pdftexcmds Info: \pdf@primitive is available.
Package pdftexcmds Info: \pdf@ifprimitive is available.
Package pdftexcmds Info: \pdfdraftmode found.
)
Package epstopdf-base Info: Redefining graphics rule for `.eps' on input line 485.
Package grfext Info: Graphics extension search list:
(grfext)             [.pdf,.png,.jpg,.mps,.jpeg,.jbig2,.jb2,.PDF,.PNG,.JPG,.JPEG,.JBIG2,.JB2,.eps]
(grfext)             \AppendGraphicsExtensions on input line 504.
 (/usr/share/texlive/texmf-dist/tex/latex/latexconfig/epstopdf-sys.cfg
File: epstopdf-sys.cfg 2010/07/13 v1.3 Configuration of (r)epstopdf for TeX Live
))
caffil not> 1

Class cj Warning: No accepted date.


LaTeX Warning: Citation `gelenbe06' on page 1 undefined on input line 81.


LaTeX Warning: Citation `gelenbe_inPress' on page 1 undefined on input line 89.


LaTeX Warning: Citation `Gelenbe-SoftwareViruses' on page 1 undefined on input line 95.


LaTeX Warning: Citation `Gelenbe07_DiffModelPacketTravel' on page 1 undefined on input line 98.


LaTeX Warning: Citation `Gelenbe_06_Workshop_TravelDelay' on page 1 undefined on input line 98.


LaTeX Warning: Citation `Gelenbe03_Sensible' on page 1 undefined on input line 99.


LaTeX Warning: Citation `zeithammer06' on page 1 undefined on input line 112.


LaTeX Warning: Citation `gagliano_etal_95' on page 1 undefined on input line 114.

[1{/var/lib/texmf/fonts/map/pdftex/updmap/pdftex.map}


]

LaTeX Warning: Citation `maes99' on page 2 undefined on input line 118.


LaTeX Warning: Citation `Dobson_etal_06' on page 2 undefined on input line 131.


LaTeX Warning: Citation `Gelenbe_etal_Nagoya' on page 2 undefined on input line 136.


LaTeX Warning: Citation `Gelenbe_Gellman_Su_ISCC03' on page 2 undefined on input line 136.


LaTeX Warning: Citation `Gelenbe-Gellman-Lent-Liu04' on page 2 undefined on input line 136.


LaTeX Warning: Citation `Gelenbe_01_CompNetw_CPN' on page 2 undefined on input line 143.


LaTeX Warning: Citation `Gelenbe_Mascots02' on page 2 undefined on input line 143.


LaTeX Warning: Citation `Gelenbe_Lent_Nunez_04' on page 2 undefined on input line 143.


LaTeX Warning: Citation `Gelenbe_Liu06_workshop' on page 2 undefined on input line 145.


LaTeX Warning: Citation `Gelenbe_Liu06_GeneticAlgorithmsRouteDiscovery' on page 2 undefined on input line 145.


LaTeX Warning: Citation `Gelenbe-Lent_2004' on page 2 undefined on input line 148.


LaTeX Warning: Citation `gelenbe_sakellari_08' on page 2 undefined on input line 151.


LaTeX Warning: Citation `Gelenbe05_UsersServicesIntNetworks' on page 2 undefined on input line 157.


LaTeX Warning: Citation `ferdinando_etal08' on page 2 undefined on input line 160.


LaTeX Warning: Citation `Gelenbe_Loukas07_SelfAwareDoS' on page 2 undefined on input line 178.


LaTeX Warning: Citation `Loukas_Oke_07' on page 2 undefined on input line 180.


LaTeX Warning: Citation `Loukas_Oke_LikelihoodRatios' on page 2 undefined on input line 180.


LaTeX Warning: Citation `Oke_etal07' on page 2 undefined on input line 180.


LaTeX Warning: Citation `gelenbe06' on page 2 undefined on input line 183.


LaTeX Warning: Citation `gelenbe06' on page 2 undefined on input line 188.


LaTeX Warning: Citation `gelenbe06' on page 2 undefined on input line 219.

[2]

LaTeX Warning: Citation `gelenbe06' on page 3 undefined on input line 237.


LaTeX Warning: Citation `krishna02' on page 3 undefined on input line 254.


Overfull \hbox (2.62157pt too wide) detected at line 352
[]
 []

[3] [4]

LaTeX Warning: Citation `roth02' on page 5 undefined on input line 588.


LaTeX Warning: Citation `ockenfels06' on page 5 undefined on input line 588.


LaTeX Warning: Citation `bajari03' on page 5 undefined on input line 588.


LaTeX Warning: Citation `ockenfels06' on page 5 undefined on input line 606.


Overfull \hbox (4.85254pt too wide) in paragraph at lines 614--614
[][]\OT1/cmr/m/n/8 See \OT1/cmr/m/it/8 http://www.amazon.co.uk/gp/help/customer/display.html
 []

[5]

LaTeX Warning: Citation `gelenbe06' on page 6 undefined on input line 722.

[6]
Overfull \hbox (1.20378pt too wide) detected at line 781
[]
 []


Underfull \vbox (badness 10000) has occurred while \output is active []



LaTeX Warning: Citation `popenda87' on page 7 undefined on input line 786.


LaTeX Warning: Citation `mallik97' on page 7 undefined on input line 786.


LaTeX Warning: Citation `boese02' on page 7 undefined on input line 786.


LaTeX Warning: Citation `hillier64' on page 7 undefined on input line 861.

[7]
No file sample.bbl.
[8] (/home/rthurbin/src/TrafficSignals-ai/research/2021/1/sample.aux)

LaTeX Warning: There were undefined references.

 ) 
Here is how much of TeX's memory you used:
 2789 strings out of 481252
 40194 string characters out of 5915888
 351452 words of memory out of 5000000
 19687 multiletter control sequences out of 15000+600000
 411418 words of font info for 54 fonts, out of 8000000 for 9000
 14 hyphenation exceptions out of 8191
 98i,21n,102p,389b,243s stack positions out of 5000i,500n,10000p,200000b,80000s
{/usr/share/texmf/fonts/enc/dvips/cm-super/cm-super-ts1.enc}</usr/share/texlive/texmf-dist/fonts/type1/public/amsfonts/cm/cmbx10.pfb></usr/share/texlive/texmf-dist/fonts/type1/public/amsfonts/cm/cmbx9.pfb></usr/share/texlive/texmf-dist/fonts/type1/public/amsfonts/cm/cmcsc10.pfb></usr/share/texlive/texmf-dist/fonts/type1/public/amsfonts/cm/cmex10.pfb></usr/share/texlive/texmf-dist/fonts/type1/public/amsfonts/cm/cmmi10.pfb></usr/share/texlive/texmf-dist/fonts/type1/public/amsfonts/cm/cmmi5.pfb></usr/share/texlive/texmf-dist/fonts/type1/public/amsfonts/cm/cmmi7.pfb></usr/share/texlive/texmf-dist/fonts/type1/public/amsfonts/cm/cmmi9.pfb></usr/share/texlive/texmf-dist/fonts/type1/public/amsfonts/cm/cmr10.pfb></usr/share/texlive/texmf-dist/fonts/type1/public/amsfonts/cm/cmr17.pfb></usr/share/texlive/texmf-dist/fonts/type1/public/amsfonts/cm/cmr5.pfb></usr/share/texlive/texmf-dist/fonts/type1/public/amsfonts/cm/cmr6.pfb></usr/share/texlive/texmf-dist/fonts/type1/public/amsfonts/cm/cmr7.pfb></usr/share/texlive/texmf-dist/fonts/type1/public/amsfonts/cm/cmr8.pfb></usr/share/texlive/texmf-dist/fonts/type1/public/amsfonts/cm/cmr9.pfb></usr/share/texlive/texmf-dist/fonts/type1/public/amsfonts/cm/cmsy10.pfb></usr/share/texlive/texmf-dist/fonts/type1/public/amsfonts/cm/cmsy7.pfb></usr/share/texlive/texmf-dist/fonts/type1/public/amsfonts/cm/cmsy9.pfb></usr/share/texlive/texmf-dist/fonts/type1/public/amsfonts/cm/cmti10.pfb></usr/share/texlive/texmf-dist/fonts/type1/public/amsfonts/cm/cmti8.pfb></usr/share/texlive/texmf-dist/fonts/type1/public/amsfonts/cm/cmti9.pfb></usr/share/texmf/fonts/type1/public/cm-super/sfrm1000.pfb>
Output written on /home/rthurbin/src/TrafficSignals-ai/research/2021/1/sample.pdf (8 pages, 306678 bytes).
PDF statistics:
 120 PDF objects out of 1000 (max. 8388607)
 87 compressed objects within 1 object stream
 0 named destinations out of 1000 (max. 500000)
 1 words of extra memory for PDF output out of 10000 (max. 10000000)

